  MyForm.cpp
C:\Users\TEMYCH\Desktop\vkr\GraphDomApp\GraphDomApp\MyForm.cpp(4,52): warning C4829: Возможно, неправильные параметры функции main. Рекомендуемый вариант - "int main(Platform::Array<Platform::String^>^ argv)"
  utils.cpp
C:\Users\TEMYCH\Desktop\vkr\GraphDomApp\GraphDomApp\utils.cpp(21,13): warning C4244: аргумент: преобразование "time_t" в "unsigned int", возможна потеря данных
C:\Users\TEMYCH\Desktop\vkr\GraphDomApp\GraphDomApp\utils.cpp(48,33): warning C4267: инициализация: преобразование из "size_t" в "int"; возможна потеря данных
C:\Users\TEMYCH\Desktop\vkr\GraphDomApp\GraphDomApp\utils.cpp(66,3): warning C4267: инициализация: преобразование из "size_t" в "int"; возможна потеря данных
C:\Users\TEMYCH\Desktop\vkr\GraphDomApp\GraphDomApp\utils.cpp(93,33): warning C4267: инициализация: преобразование из "size_t" в "int"; возможна потеря данных
C:\Users\TEMYCH\Desktop\vkr\GraphDomApp\GraphDomApp\utils.cpp(129,33): warning C4267: инициализация: преобразование из "size_t" в "int"; возможна потеря данных
C:\Users\TEMYCH\Desktop\vkr\GraphDomApp\GraphDomApp\utils.cpp(331,10): warning C4244: инициализация: преобразование "double" в "int", возможна потеря данных
C:\Users\TEMYCH\Desktop\vkr\GraphDomApp\GraphDomApp\utils.cpp(358,7): warning C4834: отмена возвращаемого значения функции с атрибутом "nodiscard"
C:\Users\TEMYCH\Desktop\vkr\GraphDomApp\GraphDomApp\utils.cpp(403,33): warning C4267: инициализация: преобразование из "size_t" в "int"; возможна потеря данных
C:\Users\TEMYCH\Desktop\vkr\GraphDomApp\GraphDomApp\utils.cpp(457,43): warning C4267: инициализация: преобразование из "size_t" в "int"; возможна потеря данных
C:\Users\TEMYCH\Desktop\vkr\GraphDomApp\GraphDomApp\utils.cpp(489,33): warning C4267: инициализация: преобразование из "size_t" в "int"; возможна потеря данных
C:\Users\TEMYCH\Desktop\vkr\GraphDomApp\GraphDomApp\utils.cpp(534,43): warning C4267: инициализация: преобразование из "size_t" в "int"; возможна потеря данных
C:\Users\TEMYCH\Desktop\vkr\GraphDomApp\GraphDomApp\utils.cpp(581,27): warning C4267: инициализация: преобразование из "size_t" в "int"; возможна потеря данных
C:\Users\TEMYCH\Desktop\vkr\GraphDomApp\GraphDomApp\utils.cpp(620,43): warning C4267: инициализация: преобразование из "size_t" в "int"; возможна потеря данных
C:\Users\TEMYCH\Desktop\vkr\GraphDomApp\GraphDomApp\utils.cpp(642,44): warning C4244: аргумент: преобразование "time_t" в "unsigned int", возможна потеря данных
C:\Users\TEMYCH\Desktop\vkr\GraphDomApp\GraphDomApp\utils.cpp(644,43): warning C4267: инициализация: преобразование из "size_t" в "int"; возможна потеря данных
C:\Users\TEMYCH\Desktop\vkr\GraphDomApp\GraphDomApp\utils.cpp(699,37): warning C4267: инициализация: преобразование из "size_t" в "int"; возможна потеря данных
C:\Users\TEMYCH\Desktop\vkr\GraphDomApp\GraphDomApp\utils.cpp(714,43): warning C4267: инициализация: преобразование из "size_t" в "int"; возможна потеря данных
  Создание кода...
  MyForm.obj : обнаружен модуль MSIL; для MSIL последовательная компоновка отключена; выполняется полная компоновка
  GraphDomApp.vcxproj -> C:\Users\TEMYCH\Desktop\vkr\GraphDomApp\x64\Debug\GraphDomApp.exe
